13:31:11 - INFO: Reading workflow file (D:\4. Development\ogse-files\workflows\1963276b-fda0-4fce-8566-ca1393243a1a\workflow.json)...
13:31:11 - INFO: Reading experiment file (D:\4. Development\ogse-files\workspaces\73a03164-6ad7-4fac-8680-23bb2264482d\experiment.json)...
13:31:11 - INFO: Connecting to database...
13:31:11 - INFO: Creating database schema...
13:31:12 - INFO: Preparing workflow metadata for resulting coupled model...
13:31:12 - INFO: Preparing tasks: injecting parameters, fix outputs, replacing steps...
13:31:12 - INFO: Injecting looped experiment parameters...
13:31:12 - INFO: Processing task select...
13:31:12 - INFO: Dropping database schema...
13:31:12 - ERROR: relation "alberta_csd_4326" does not exist
LINE 1: ...166c45a7ba66ea373c2a384d.step_1 AS (SELECT * FROM alberta_cs...
                                                             ^

13:41:37 - INFO: Reading workflow file (D:\4. Development\ogse-files\workflows\1963276b-fda0-4fce-8566-ca1393243a1a\workflow.json)...
13:41:37 - INFO: Reading experiment file (D:\4. Development\ogse-files\workspaces\73a03164-6ad7-4fac-8680-23bb2264482d\experiment.json)...
13:41:37 - INFO: Connecting to database...
13:41:37 - INFO: Creating database schema...
13:41:37 - INFO: Preparing workflow metadata for resulting coupled model...
13:41:37 - INFO: Preparing tasks: injecting parameters, fix outputs, replacing steps...
13:41:37 - INFO: Injecting looped experiment parameters...
13:41:37 - INFO: Processing task select...
13:41:37 - INFO: Dropping database schema...
13:41:37 - ERROR: permission denied for table alberta_csd_4326

13:41:52 - INFO: Reading workflow file (D:\4. Development\ogse-files\workflows\1963276b-fda0-4fce-8566-ca1393243a1a\workflow.json)...
13:41:52 - INFO: Reading experiment file (D:\4. Development\ogse-files\workspaces\73a03164-6ad7-4fac-8680-23bb2264482d\experiment.json)...
13:41:52 - INFO: Connecting to database...
13:41:52 - INFO: Creating database schema...
13:41:52 - INFO: Preparing workflow metadata for resulting coupled model...
13:41:52 - INFO: Preparing tasks: injecting parameters, fix outputs, replacing steps...
13:41:52 - INFO: Injecting looped experiment parameters...
13:41:52 - INFO: Processing task select...
13:41:52 - INFO: Dropping database schema...
13:41:52 - ERROR: permission denied for table alberta_csd_4326

13:43:45 - INFO: Reading workflow file (D:\4. Development\ogse-files\workflows\1963276b-fda0-4fce-8566-ca1393243a1a\workflow.json)...
13:43:45 - INFO: Reading experiment file (D:\4. Development\ogse-files\workspaces\73a03164-6ad7-4fac-8680-23bb2264482d\experiment.json)...
13:43:45 - INFO: Connecting to database...
13:43:45 - INFO: Creating database schema...
13:43:45 - INFO: Preparing workflow metadata for resulting coupled model...
13:43:45 - INFO: Preparing tasks: injecting parameters, fix outputs, replacing steps...
13:43:45 - INFO: Injecting looped experiment parameters...
13:43:45 - INFO: Processing task select...
13:43:45 - INFO: Dropping database schema...
13:43:45 - ERROR: permission denied for table alberta_csd_4326

13:46:34 - INFO: Reading workflow file (D:\4. Development\ogse-files\workflows\1963276b-fda0-4fce-8566-ca1393243a1a\workflow.json)...
13:46:34 - INFO: Reading experiment file (D:\4. Development\ogse-files\workspaces\73a03164-6ad7-4fac-8680-23bb2264482d\experiment.json)...
13:46:34 - INFO: Connecting to database...
13:46:34 - INFO: Creating database schema...
13:46:34 - INFO: Preparing workflow metadata for resulting coupled model...
13:46:34 - INFO: Preparing tasks: injecting parameters, fix outputs, replacing steps...
13:46:34 - INFO: Injecting looped experiment parameters...
13:46:34 - INFO: Processing task select...
13:46:34 - INFO: Processing task add_column...
13:46:34 - INFO: Processing task add_column...
13:46:34 - INFO: Processing task set_values...
13:46:34 - INFO: Processing task set_values...
13:46:35 - INFO: Processing task intersection...
13:46:36 - INFO: Processing task set_values...
13:46:37 - INFO: Cleaning up temporary tables...
13:46:37 - INFO: Workflow execution done.
13:46:37 - INFO: Building scenario file from workflow results...
13:46:37 - INFO: Building instance sets...
13:46:37 - INFO: Building couplings sets...
13:46:37 - INFO: Preparing instances and couplings for Cadmium...
13:46:37 - INFO: Scenario preparation done.
13:46:37 - INFO: Writing geojson files to disk...
13:46:37 - INFO: Writing scenario file to disk...
13:46:37 - INFO: Assembling metadata for coupled model...
13:46:37 - INFO: Writing metadata file to disk...
13:46:37 - INFO: Dropping database schema...
13:46:37 - INFO: Workflow execution done.
