13:57:43 - INFO: Reading workflow file (D:\4. Development\ogse-files\workflows\a9c067be-a38e-4155-8650-c610332212e2\workflow.json)...
13:57:43 - INFO: Reading experiment file (D:\4. Development\ogse-files\workspaces\70d35e86-28fc-43af-a4c6-f238a03c5206\experiment.json)...
13:57:43 - INFO: Connecting to database...
13:57:43 - INFO: Creating database schema...
13:57:43 - INFO: Preparing workflow metadata for resulting coupled model...
13:57:43 - INFO: Preparing tasks: injecting parameters, fix outputs, replacing steps...
13:57:43 - INFO: Injecting looped experiment parameters...
13:57:43 - INFO: Injecting looped experiment parameters...
13:57:43 - INFO: Processing task union...
13:57:44 - INFO: Processing task within...
13:57:53 - INFO: Processing task centroid...
13:57:53 - INFO: Processing task within...
13:57:53 - INFO: Processing task set_values...
13:57:53 - INFO: Processing task set_values...
13:57:54 - INFO: Processing task closest...
13:57:56 - INFO: Cleaning up temporary tables...
13:57:56 - INFO: Workflow execution done.
13:57:56 - INFO: Building scenario file from workflow results...
13:57:56 - INFO: Building instance sets...
13:57:56 - INFO: Building couplings sets...
13:57:56 - INFO: Preparing instances and couplings for Cadmium...
13:57:56 - INFO: Scenario preparation done.
13:57:56 - INFO: Writing geojson files to disk...
13:57:56 - INFO: Writing scenario file to disk...
13:57:56 - INFO: Assembling metadata for coupled model...
13:57:56 - INFO: Writing metadata file to disk...
13:57:56 - INFO: Dropping database schema...
13:57:56 - INFO: Workflow execution done.
